This is pdfTeX, Version 3.141592653-2.6-1.40.22 (TeX Live 2022/dev/Debian) (preloaded format=pdflatex 2023.6.2)  10 JUN 2023 11:37
entering extended mode
 restricted \write18 enabled.
 %&-line parsing enabled.
**Report.tex
(./Report.tex
LaTeX2e <2021-11-15> patch level 1
L3 programming layer <2022-01-21>
(/usr/share/texlive/texmf-dist/tex/latex/base/article.cls
Document Class: article 2021/10/04 v1.4n Standard LaTeX document class
(/usr/share/texlive/texmf-dist/tex/latex/base/size12.clo
File: size12.clo 2021/10/04 v1.4n Standard LaTeX file (size option)
)
\c@part=\count185
\c@section=\count186
\c@subsection=\count187
\c@subsubsection=\count188
\c@paragraph=\count189
\c@subparagraph=\count190
\c@figure=\count191
\c@table=\count192
\abovecaptionskip=\skip47
\belowcaptionskip=\skip48
\bibindent=\dimen138
)
(/usr/share/texlive/texmf-dist/tex/latex/base/inputenc.sty
Package: inputenc 2021/02/14 v1.3d Input encoding file
\inpenc@prehook=\toks16
\inpenc@posthook=\toks17
)
(/usr/share/texlive/texmf-dist/tex/latex/base/fontenc.sty
Package: fontenc 2021/04/29 v2.0v Standard LaTeX package
)
(/usr/share/texlive/texmf-dist/tex/latex/mathtools/mathtools.sty
Package: mathtools 2021/02/02 v1.28 mathematical typesetting tools

(/usr/share/texlive/texmf-dist/tex/latex/graphics/keyval.sty
Package: keyval 2014/10/28 v1.15 key=value parser (DPC)
\KV@toks@=\toks18
)
(/usr/share/texlive/texmf-dist/tex/latex/tools/calc.sty
Package: calc 2017/05/25 v4.3 Infix arithmetic (KKT,FJ)
\calc@Acount=\count193
\calc@Bcount=\count194
\calc@Adimen=\dimen139
\calc@Bdimen=\dimen140
\calc@Askip=\skip49
\calc@Bskip=\skip50
LaTeX Info: Redefining \setlength on input line 80.
LaTeX Info: Redefining \addtolength on input line 81.
\calc@Ccount=\count195
\calc@Cskip=\skip51
)
(/usr/share/texlive/texmf-dist/tex/latex/mathtools/mhsetup.sty
Package: mhsetup 2021/03/18 v1.4 programming setup (MH)
)
(/usr/share/texlive/texmf-dist/tex/latex/amsmath/amsmath.sty
Package: amsmath 2021/10/15 v2.17l AMS math features
\@mathmargin=\skip52

For additional information on amsmath, use the `?' option.
(/usr/share/texlive/texmf-dist/tex/latex/amsmath/amstext.sty
Package: amstext 2021/08/26 v2.01 AMS text

(/usr/share/texlive/texmf-dist/tex/latex/amsmath/amsgen.sty
File: amsgen.sty 1999/11/30 v2.0 generic functions
\@emptytoks=\toks19
\ex@=\dimen141
))
(/usr/share/texlive/texmf-dist/tex/latex/amsmath/amsbsy.sty
Package: amsbsy 1999/11/29 v1.2d Bold Symbols
\pmbraise@=\dimen142
)
(/usr/share/texlive/texmf-dist/tex/latex/amsmath/amsopn.sty
Package: amsopn 2021/08/26 v2.02 operator names
)
\inf@bad=\count196
LaTeX Info: Redefining \frac on input line 234.
\uproot@=\count197
\leftroot@=\count198
LaTeX Info: Redefining \overline on input line 399.
\classnum@=\count199
\DOTSCASE@=\count266
LaTeX Info: Redefining \ldots on input line 496.
LaTeX Info: Redefining \dots on input line 499.
LaTeX Info: Redefining \cdots on input line 620.
\Mathstrutbox@=\box50
\strutbox@=\box51
\big@size=\dimen143
LaTeX Font Info:    Redeclaring font encoding OML on input line 743.
LaTeX Font Info:    Redeclaring font encoding OMS on input line 744.
\macc@depth=\count267
\c@MaxMatrixCols=\count268
\dotsspace@=\muskip16
\c@parentequation=\count269
\dspbrk@lvl=\count270
\tag@help=\toks20
\row@=\count271
\column@=\count272
\maxfields@=\count273
\andhelp@=\toks21
\eqnshift@=\dimen144
\alignsep@=\dimen145
\tagshift@=\dimen146
\tagwidth@=\dimen147
\totwidth@=\dimen148
\lineht@=\dimen149
\@envbody=\toks22
\multlinegap=\skip53
\multlinetaggap=\skip54
\mathdisplay@stack=\toks23
LaTeX Info: Redefining \[ on input line 2938.
LaTeX Info: Redefining \] on input line 2939.
)
\g_MT_multlinerow_int=\count274
\l_MT_multwidth_dim=\dimen150
\origjot=\skip55
\l_MT_shortvdotswithinadjustabove_dim=\dimen151
\l_MT_shortvdotswithinadjustbelow_dim=\dimen152
\l_MT_above_intertext_sep=\dimen153
\l_MT_below_intertext_sep=\dimen154
\l_MT_above_shortintertext_sep=\dimen155
\l_MT_below_shortintertext_sep=\dimen156
\xmathstrut@box=\box52
\xmathstrut@dim=\dimen157
)
(/usr/share/texlive/texmf-dist/tex/latex/blkarray/blkarray.sty
Package: blkarray 2015/02/27 v0.07 Block array (dpc)
\c@BAenumi=\count275
\BA@col=\count276
\BA@block@cnt=\count277
\BA@final@box=\box53
\BA@first@box=\box54
\BA@colsep=\dimen158
\BA@ftn=\toks24
\BAextrarowheight=\dimen159
\BAextraheightafterhline=\dimen160
\BAarrayrulewidth=\dimen161
\BAdoublerulesep=\dimen162
\BAfootskip=\dimen163
\BA@dashbox=\box55
\BA@ddashbox=\box56
)
(/usr/share/texlive/texmf-dist/tex/latex/multirow/bigstrut.sty
Package: bigstrut 2021/03/15 v2.8 Provide larger struts in tabulars
\bigstrutjot=\dimen164
)
(/usr/share/texlive/texmf-dist/tex/generic/babel/babel.sty
Package: babel 2022/01/26 3.70 The Babel package
\babel@savecnt=\count278
\U@D=\dimen165
\l@unhyphenated=\language7

(/usr/share/texlive/texmf-dist/tex/generic/babel/txtbabel.def)
\bbl@readstream=\read2
\bbl@dirlevel=\count279
Package babel Info: You haven't specified a language. I'll use 'nil'
(babel)             as the main language. Reported on input line 4299.

(/usr/share/texlive/texmf-dist/tex/generic/babel/nil.ldf
Language: nil 2022/01/26 3.70 Nil language
\l@nil=\language8
))
(/usr/share/texlive/texmf-dist/tex/latex/graphics/graphicx.sty
Package: graphicx 2021/09/16 v1.2d Enhanced LaTeX Graphics (DPC,SPQR)

(/usr/share/texlive/texmf-dist/tex/latex/graphics/graphics.sty
Package: graphics 2021/03/04 v1.4d Standard LaTeX Graphics (DPC,SPQR)

(/usr/share/texlive/texmf-dist/tex/latex/graphics/trig.sty
Package: trig 2021/08/11 v1.11 sin cos tan (DPC)
)
(/usr/share/texlive/texmf-dist/tex/latex/graphics-cfg/graphics.cfg
File: graphics.cfg 2016/06/04 v1.11 sample graphics configuration
)
Package graphics Info: Driver file: pdftex.def on input line 107.

(/usr/share/texlive/texmf-dist/tex/latex/graphics-def/pdftex.def
File: pdftex.def 2020/10/05 v1.2a Graphics/color driver for pdftex
))
\Gin@req@height=\dimen166
\Gin@req@width=\dimen167
)
(/usr/share/texlive/texmf-dist/tex/latex/subfig/subfig.sty
Package: subfig 2005/06/28 ver: 1.3 subfig package

(/usr/share/texlive/texmf-dist/tex/latex/caption/caption.sty
Package: caption 2020/10/26 v3.5g Customizing captions (AR)

(/usr/share/texlive/texmf-dist/tex/latex/caption/caption3.sty
Package: caption3 2020/10/21 v2.2e caption3 kernel (AR)
\captionmargin=\dimen168
\captionmargin@=\dimen169
\captionwidth=\dimen170
\caption@tempdima=\dimen171
\caption@indent=\dimen172
\caption@parindent=\dimen173
\caption@hangindent=\dimen174
Package caption Info: Standard document class detected.
)
\c@caption@flags=\count280
\c@continuedfloat=\count281
)
\c@KVtest=\count282
\sf@farskip=\skip56
\sf@captopadj=\dimen175
\sf@capskip=\skip57
\sf@nearskip=\skip58
\c@subfigure=\count283
\c@subfigure@save=\count284
\c@lofdepth=\count285
\c@subtable=\count286
\c@subtable@save=\count287
\c@lotdepth=\count288
\sf@top=\skip59
\sf@bottom=\skip60
)
(/usr/share/texlive/texmf-dist/tex/latex/hyperref/hyperref.sty
Package: hyperref 2021-06-07 v7.00m Hypertext links for LaTeX

(/usr/share/texlive/texmf-dist/tex/generic/ltxcmds/ltxcmds.sty
Package: ltxcmds 2020-05-10 v1.25 LaTeX kernel commands for general use (HO)
)
(/usr/share/texlive/texmf-dist/tex/generic/iftex/iftex.sty
Package: iftex 2020/03/06 v1.0d TeX engine tests
)
(/usr/share/texlive/texmf-dist/tex/generic/pdftexcmds/pdftexcmds.sty
Package: pdftexcmds 2020-06-27 v0.33 Utility functions of pdfTeX for LuaTeX (HO
)

(/usr/share/texlive/texmf-dist/tex/generic/infwarerr/infwarerr.sty
Package: infwarerr 2019/12/03 v1.5 Providing info/warning/error messages (HO)
)
Package pdftexcmds Info: \pdf@primitive is available.
Package pdftexcmds Info: \pdf@ifprimitive is available.
Package pdftexcmds Info: \pdfdraftmode found.
)
(/usr/share/texlive/texmf-dist/tex/generic/kvsetkeys/kvsetkeys.sty
Package: kvsetkeys 2019/12/15 v1.18 Key value parser (HO)
)
(/usr/share/texlive/texmf-dist/tex/generic/kvdefinekeys/kvdefinekeys.sty
Package: kvdefinekeys 2019-12-19 v1.6 Define keys (HO)
)
(/usr/share/texlive/texmf-dist/tex/generic/pdfescape/pdfescape.sty
Package: pdfescape 2019/12/09 v1.15 Implements pdfTeX's escape features (HO)
)
(/usr/share/texlive/texmf-dist/tex/latex/hycolor/hycolor.sty
Package: hycolor 2020-01-27 v1.10 Color options for hyperref/bookmark (HO)
)
(/usr/share/texlive/texmf-dist/tex/latex/letltxmacro/letltxmacro.sty
Package: letltxmacro 2019/12/03 v1.6 Let assignment for LaTeX macros (HO)
)
(/usr/share/texlive/texmf-dist/tex/latex/auxhook/auxhook.sty
Package: auxhook 2019-12-17 v1.6 Hooks for auxiliary files (HO)
)
(/usr/share/texlive/texmf-dist/tex/latex/kvoptions/kvoptions.sty
Package: kvoptions 2020-10-07 v3.14 Key value format for package options (HO)
)
\@linkdim=\dimen176
\Hy@linkcounter=\count289
\Hy@pagecounter=\count290

(/usr/share/texlive/texmf-dist/tex/latex/hyperref/pd1enc.def
File: pd1enc.def 2021-06-07 v7.00m Hyperref: PDFDocEncoding definition (HO)
Now handling font encoding PD1 ...
... no UTF-8 mapping file for font encoding PD1
)
(/usr/share/texlive/texmf-dist/tex/latex/hyperref/hyperref-langpatches.def
File: hyperref-langpatches.def 2021-06-07 v7.00m Hyperref: patches for babel la
nguages
)
(/usr/share/texlive/texmf-dist/tex/generic/intcalc/intcalc.sty
Package: intcalc 2019/12/15 v1.3 Expandable calculations with integers (HO)
)
(/usr/share/texlive/texmf-dist/tex/generic/etexcmds/etexcmds.sty
Package: etexcmds 2019/12/15 v1.7 Avoid name clashes with e-TeX commands (HO)
)
\Hy@SavedSpaceFactor=\count291

(/usr/share/texlive/texmf-dist/tex/latex/hyperref/puenc.def
File: puenc.def 2021-06-07 v7.00m Hyperref: PDF Unicode definition (HO)
Now handling font encoding PU ...
... no UTF-8 mapping file for font encoding PU
)
Package hyperref Info: Hyper figures OFF on input line 4192.
Package hyperref Info: Link nesting OFF on input line 4197.
Package hyperref Info: Hyper index ON on input line 4200.
Package hyperref Info: Plain pages OFF on input line 4207.
Package hyperref Info: Backreferencing OFF on input line 4212.
Package hyperref Info: Implicit mode ON; LaTeX internals redefined.
Package hyperref Info: Bookmarks ON on input line 4445.
\c@Hy@tempcnt=\count292

(/usr/share/texlive/texmf-dist/tex/latex/url/url.sty
\Urlmuskip=\muskip17
Package: url 2013/09/16  ver 3.4  Verb mode for urls, etc.
)
LaTeX Info: Redefining \url on input line 4804.
\XeTeXLinkMargin=\dimen177

(/usr/share/texlive/texmf-dist/tex/generic/bitset/bitset.sty
Package: bitset 2019/12/09 v1.3 Handle bit-vector datatype (HO)

(/usr/share/texlive/texmf-dist/tex/generic/bigintcalc/bigintcalc.sty
Package: bigintcalc 2019/12/15 v1.5 Expandable calculations on big integers (HO
)
))
\Fld@menulength=\count293
\Field@Width=\dimen178
\Fld@charsize=\dimen179
Package hyperref Info: Hyper figures OFF on input line 6076.
Package hyperref Info: Link nesting OFF on input line 6081.
Package hyperref Info: Hyper index ON on input line 6084.
Package hyperref Info: backreferencing OFF on input line 6091.
Package hyperref Info: Link coloring OFF on input line 6096.
Package hyperref Info: Link coloring with OCG OFF on input line 6101.
Package hyperref Info: PDF/A mode OFF on input line 6106.
LaTeX Info: Redefining \ref on input line 6146.
LaTeX Info: Redefining \pageref on input line 6150.

(/usr/share/texlive/texmf-dist/tex/latex/base/atbegshi-ltx.sty
Package: atbegshi-ltx 2021/01/10 v1.0c Emulation of the original atbegshi
package with kernel methods
)
\Hy@abspage=\count294
\c@Item=\count295
\c@Hfootnote=\count296
)
Package hyperref Info: Driver (autodetected): hpdftex.

(/usr/share/texlive/texmf-dist/tex/latex/hyperref/hpdftex.def
File: hpdftex.def 2021-06-07 v7.00m Hyperref driver for pdfTeX

(/usr/share/texlive/texmf-dist/tex/latex/base/atveryend-ltx.sty
Package: atveryend-ltx 2020/08/19 v1.0a Emulation of the original atveryend pac
kage
with kernel methods
)
\Fld@listcount=\count297
\c@bookmark@seq@number=\count298

(/usr/share/texlive/texmf-dist/tex/latex/rerunfilecheck/rerunfilecheck.sty
Package: rerunfilecheck 2019/12/05 v1.9 Rerun checks for auxiliary files (HO)

(/usr/share/texlive/texmf-dist/tex/generic/uniquecounter/uniquecounter.sty
Package: uniquecounter 2019/12/15 v1.4 Provide unlimited unique counter (HO)
)
Package uniquecounter Info: New unique counter `rerunfilecheck' on input line 2
86.
)
\Hy@SectionHShift=\skip61
)
(/usr/share/texlive/texmf-dist/tex/latex/pgf/frontendlayer/tikz.sty
(/usr/share/texlive/texmf-dist/tex/latex/pgf/basiclayer/pgf.sty
(/usr/share/texlive/texmf-dist/tex/latex/pgf/utilities/pgfrcs.sty
(/usr/share/texlive/texmf-dist/tex/generic/pgf/utilities/pgfutil-common.tex
\pgfutil@everybye=\toks25
\pgfutil@tempdima=\dimen180
\pgfutil@tempdimb=\dimen181

(/usr/share/texlive/texmf-dist/tex/generic/pgf/utilities/pgfutil-common-lists.t
ex)) (/usr/share/texlive/texmf-dist/tex/generic/pgf/utilities/pgfutil-latex.def
\pgfutil@abb=\box57
) (/usr/share/texlive/texmf-dist/tex/generic/pgf/utilities/pgfrcs.code.tex
(/usr/share/texlive/texmf-dist/tex/generic/pgf/pgf.revision.tex)
Package: pgfrcs 2021/05/15 v3.1.9a (3.1.9a)
))
Package: pgf 2021/05/15 v3.1.9a (3.1.9a)

(/usr/share/texlive/texmf-dist/tex/latex/pgf/basiclayer/pgfcore.sty
(/usr/share/texlive/texmf-dist/tex/latex/pgf/systemlayer/pgfsys.sty
(/usr/share/texlive/texmf-dist/tex/generic/pgf/systemlayer/pgfsys.code.tex
Package: pgfsys 2021/05/15 v3.1.9a (3.1.9a)

(/usr/share/texlive/texmf-dist/tex/generic/pgf/utilities/pgfkeys.code.tex
\pgfkeys@pathtoks=\toks26
\pgfkeys@temptoks=\toks27

(/usr/share/texlive/texmf-dist/tex/generic/pgf/utilities/pgfkeysfiltered.code.t
ex
\pgfkeys@tmptoks=\toks28
))
\pgf@x=\dimen182
\pgf@y=\dimen183
\pgf@xa=\dimen184
\pgf@ya=\dimen185
\pgf@xb=\dimen186
\pgf@yb=\dimen187
\pgf@xc=\dimen188
\pgf@yc=\dimen189
\pgf@xd=\dimen190
\pgf@yd=\dimen191
\w@pgf@writea=\write3
\r@pgf@reada=\read3
\c@pgf@counta=\count299
\c@pgf@countb=\count300
\c@pgf@countc=\count301
\c@pgf@countd=\count302
\t@pgf@toka=\toks29
\t@pgf@tokb=\toks30
\t@pgf@tokc=\toks31
\pgf@sys@id@count=\count303
 (/usr/share/texlive/texmf-dist/tex/generic/pgf/systemlayer/pgf.cfg
File: pgf.cfg 2021/05/15 v3.1.9a (3.1.9a)
)
Driver file for pgf: pgfsys-pdftex.def

(/usr/share/texlive/texmf-dist/tex/generic/pgf/systemlayer/pgfsys-pdftex.def
File: pgfsys-pdftex.def 2021/05/15 v3.1.9a (3.1.9a)

(/usr/share/texlive/texmf-dist/tex/generic/pgf/systemlayer/pgfsys-common-pdf.de
f
File: pgfsys-common-pdf.def 2021/05/15 v3.1.9a (3.1.9a)
)))
(/usr/share/texlive/texmf-dist/tex/generic/pgf/systemlayer/pgfsyssoftpath.code.
tex
File: pgfsyssoftpath.code.tex 2021/05/15 v3.1.9a (3.1.9a)
\pgfsyssoftpath@smallbuffer@items=\count304
\pgfsyssoftpath@bigbuffer@items=\count305
)
(/usr/share/texlive/texmf-dist/tex/generic/pgf/systemlayer/pgfsysprotocol.code.
tex
File: pgfsysprotocol.code.tex 2021/05/15 v3.1.9a (3.1.9a)
)) (/usr/share/texlive/texmf-dist/tex/latex/xcolor/xcolor.sty
Package: xcolor 2021/10/31 v2.13 LaTeX color extensions (UK)

(/usr/share/texlive/texmf-dist/tex/latex/graphics-cfg/color.cfg
File: color.cfg 2016/01/02 v1.6 sample color configuration
)
Package xcolor Info: Driver file: pdftex.def on input line 227.
Package xcolor Info: Model `cmy' substituted by `cmy0' on input line 1352.
Package xcolor Info: Model `hsb' substituted by `rgb' on input line 1356.
Package xcolor Info: Model `RGB' extended on input line 1368.
Package xcolor Info: Model `HTML' substituted by `rgb' on input line 1370.
Package xcolor Info: Model `Hsb' substituted by `hsb' on input line 1371.
Package xcolor Info: Model `tHsb' substituted by `hsb' on input line 1372.
Package xcolor Info: Model `HSB' substituted by `hsb' on input line 1373.
Package xcolor Info: Model `Gray' substituted by `gray' on input line 1374.
Package xcolor Info: Model `wave' substituted by `hsb' on input line 1375.
)
(/usr/share/texlive/texmf-dist/tex/generic/pgf/basiclayer/pgfcore.code.tex
Package: pgfcore 2021/05/15 v3.1.9a (3.1.9a)

(/usr/share/texlive/texmf-dist/tex/generic/pgf/math/pgfmath.code.tex
(/usr/share/texlive/texmf-dist/tex/generic/pgf/math/pgfmathcalc.code.tex
(/usr/share/texlive/texmf-dist/tex/generic/pgf/math/pgfmathutil.code.tex)
(/usr/share/texlive/texmf-dist/tex/generic/pgf/math/pgfmathparser.code.tex
\pgfmath@dimen=\dimen192
\pgfmath@count=\count306
\pgfmath@box=\box58
\pgfmath@toks=\toks32
\pgfmath@stack@operand=\toks33
\pgfmath@stack@operation=\toks34
)
(/usr/share/texlive/texmf-dist/tex/generic/pgf/math/pgfmathfunctions.code.tex
(/usr/share/texlive/texmf-dist/tex/generic/pgf/math/pgfmathfunctions.basic.code
.tex)
(/usr/share/texlive/texmf-dist/tex/generic/pgf/math/pgfmathfunctions.trigonomet
ric.code.tex)
(/usr/share/texlive/texmf-dist/tex/generic/pgf/math/pgfmathfunctions.random.cod
e.tex)
(/usr/share/texlive/texmf-dist/tex/generic/pgf/math/pgfmathfunctions.comparison
.code.tex)
(/usr/share/texlive/texmf-dist/tex/generic/pgf/math/pgfmathfunctions.base.code.
tex)
(/usr/share/texlive/texmf-dist/tex/generic/pgf/math/pgfmathfunctions.round.code
.tex)
(/usr/share/texlive/texmf-dist/tex/generic/pgf/math/pgfmathfunctions.misc.code.
tex)
(/usr/share/texlive/texmf-dist/tex/generic/pgf/math/pgfmathfunctions.integerari
thmetics.code.tex)))
(/usr/share/texlive/texmf-dist/tex/generic/pgf/math/pgfmathfloat.code.tex
\c@pgfmathroundto@lastzeros=\count307
))
(/usr/share/texlive/texmf-dist/tex/generic/pgf/math/pgfint.code.tex)
(/usr/share/texlive/texmf-dist/tex/generic/pgf/basiclayer/pgfcorepoints.code.te
x
File: pgfcorepoints.code.tex 2021/05/15 v3.1.9a (3.1.9a)
\pgf@picminx=\dimen193
\pgf@picmaxx=\dimen194
\pgf@picminy=\dimen195
\pgf@picmaxy=\dimen196
\pgf@pathminx=\dimen197
\pgf@pathmaxx=\dimen198
\pgf@pathminy=\dimen199
\pgf@pathmaxy=\dimen256
\pgf@xx=\dimen257
\pgf@xy=\dimen258
\pgf@yx=\dimen259
\pgf@yy=\dimen260
\pgf@zx=\dimen261
\pgf@zy=\dimen262
)
(/usr/share/texlive/texmf-dist/tex/generic/pgf/basiclayer/pgfcorepathconstruct.
code.tex
File: pgfcorepathconstruct.code.tex 2021/05/15 v3.1.9a (3.1.9a)
\pgf@path@lastx=\dimen263
\pgf@path@lasty=\dimen264
)
(/usr/share/texlive/texmf-dist/tex/generic/pgf/basiclayer/pgfcorepathusage.code
.tex
File: pgfcorepathusage.code.tex 2021/05/15 v3.1.9a (3.1.9a)
\pgf@shorten@end@additional=\dimen265
\pgf@shorten@start@additional=\dimen266
)
(/usr/share/texlive/texmf-dist/tex/generic/pgf/basiclayer/pgfcorescopes.code.te
x
File: pgfcorescopes.code.tex 2021/05/15 v3.1.9a (3.1.9a)
\pgfpic=\box59
\pgf@hbox=\box60
\pgf@layerbox@main=\box61
\pgf@picture@serial@count=\count308
)
(/usr/share/texlive/texmf-dist/tex/generic/pgf/basiclayer/pgfcoregraphicstate.c
ode.tex
File: pgfcoregraphicstate.code.tex 2021/05/15 v3.1.9a (3.1.9a)
\pgflinewidth=\dimen267
)
(/usr/share/texlive/texmf-dist/tex/generic/pgf/basiclayer/pgfcoretransformation
s.code.tex
File: pgfcoretransformations.code.tex 2021/05/15 v3.1.9a (3.1.9a)
\pgf@pt@x=\dimen268
\pgf@pt@y=\dimen269
\pgf@pt@temp=\dimen270
)
(/usr/share/texlive/texmf-dist/tex/generic/pgf/basiclayer/pgfcorequick.code.tex
File: pgfcorequick.code.tex 2021/05/15 v3.1.9a (3.1.9a)
)
(/usr/share/texlive/texmf-dist/tex/generic/pgf/basiclayer/pgfcoreobjects.code.t
ex
File: pgfcoreobjects.code.tex 2021/05/15 v3.1.9a (3.1.9a)
)
(/usr/share/texlive/texmf-dist/tex/generic/pgf/basiclayer/pgfcorepathprocessing
.code.tex
File: pgfcorepathprocessing.code.tex 2021/05/15 v3.1.9a (3.1.9a)
)
(/usr/share/texlive/texmf-dist/tex/generic/pgf/basiclayer/pgfcorearrows.code.te
x
File: pgfcorearrows.code.tex 2021/05/15 v3.1.9a (3.1.9a)
\pgfarrowsep=\dimen271
)
(/usr/share/texlive/texmf-dist/tex/generic/pgf/basiclayer/pgfcoreshade.code.tex
File: pgfcoreshade.code.tex 2021/05/15 v3.1.9a (3.1.9a)
\pgf@max=\dimen272
\pgf@sys@shading@range@num=\count309
\pgf@shadingcount=\count310
)
(/usr/share/texlive/texmf-dist/tex/generic/pgf/basiclayer/pgfcoreimage.code.tex
File: pgfcoreimage.code.tex 2021/05/15 v3.1.9a (3.1.9a)

(/usr/share/texlive/texmf-dist/tex/generic/pgf/basiclayer/pgfcoreexternal.code.
tex
File: pgfcoreexternal.code.tex 2021/05/15 v3.1.9a (3.1.9a)
\pgfexternal@startupbox=\box62
))
(/usr/share/texlive/texmf-dist/tex/generic/pgf/basiclayer/pgfcorelayers.code.te
x
File: pgfcorelayers.code.tex 2021/05/15 v3.1.9a (3.1.9a)
)
(/usr/share/texlive/texmf-dist/tex/generic/pgf/basiclayer/pgfcoretransparency.c
ode.tex
File: pgfcoretransparency.code.tex 2021/05/15 v3.1.9a (3.1.9a)
)
(/usr/share/texlive/texmf-dist/tex/generic/pgf/basiclayer/pgfcorepatterns.code.
tex
File: pgfcorepatterns.code.tex 2021/05/15 v3.1.9a (3.1.9a)
)
(/usr/share/texlive/texmf-dist/tex/generic/pgf/basiclayer/pgfcorerdf.code.tex
File: pgfcorerdf.code.tex 2021/05/15 v3.1.9a (3.1.9a)
)))
(/usr/share/texlive/texmf-dist/tex/generic/pgf/modules/pgfmoduleshapes.code.tex
File: pgfmoduleshapes.code.tex 2021/05/15 v3.1.9a (3.1.9a)
\pgfnodeparttextbox=\box63
) (/usr/share/texlive/texmf-dist/tex/generic/pgf/modules/pgfmoduleplot.code.tex
File: pgfmoduleplot.code.tex 2021/05/15 v3.1.9a (3.1.9a)
)
(/usr/share/texlive/texmf-dist/tex/latex/pgf/compatibility/pgfcomp-version-0-65
.sty
Package: pgfcomp-version-0-65 2021/05/15 v3.1.9a (3.1.9a)
\pgf@nodesepstart=\dimen273
\pgf@nodesepend=\dimen274
)
(/usr/share/texlive/texmf-dist/tex/latex/pgf/compatibility/pgfcomp-version-1-18
.sty
Package: pgfcomp-version-1-18 2021/05/15 v3.1.9a (3.1.9a)
)) (/usr/share/texlive/texmf-dist/tex/latex/pgf/utilities/pgffor.sty
(/usr/share/texlive/texmf-dist/tex/latex/pgf/utilities/pgfkeys.sty
(/usr/share/texlive/texmf-dist/tex/generic/pgf/utilities/pgfkeys.code.tex))
(/usr/share/texlive/texmf-dist/tex/latex/pgf/math/pgfmath.sty
(/usr/share/texlive/texmf-dist/tex/generic/pgf/math/pgfmath.code.tex))
(/usr/share/texlive/texmf-dist/tex/generic/pgf/utilities/pgffor.code.tex
Package: pgffor 2021/05/15 v3.1.9a (3.1.9a)

(/usr/share/texlive/texmf-dist/tex/generic/pgf/math/pgfmath.code.tex)
\pgffor@iter=\dimen275
\pgffor@skip=\dimen276
\pgffor@stack=\toks35
\pgffor@toks=\toks36
))
(/usr/share/texlive/texmf-dist/tex/generic/pgf/frontendlayer/tikz/tikz.code.tex
Package: tikz 2021/05/15 v3.1.9a (3.1.9a)

(/usr/share/texlive/texmf-dist/tex/generic/pgf/libraries/pgflibraryplothandlers
.code.tex
File: pgflibraryplothandlers.code.tex 2021/05/15 v3.1.9a (3.1.9a)
\pgf@plot@mark@count=\count311
\pgfplotmarksize=\dimen277
)
\tikz@lastx=\dimen278
\tikz@lasty=\dimen279
\tikz@lastxsaved=\dimen280
\tikz@lastysaved=\dimen281
\tikz@lastmovetox=\dimen282
\tikz@lastmovetoy=\dimen283
\tikzleveldistance=\dimen284
\tikzsiblingdistance=\dimen285
\tikz@figbox=\box64
\tikz@figbox@bg=\box65
\tikz@tempbox=\box66
\tikz@tempbox@bg=\box67
\tikztreelevel=\count312
\tikznumberofchildren=\count313
\tikznumberofcurrentchild=\count314
\tikz@fig@count=\count315

(/usr/share/texlive/texmf-dist/tex/generic/pgf/modules/pgfmodulematrix.code.tex
File: pgfmodulematrix.code.tex 2021/05/15 v3.1.9a (3.1.9a)
\pgfmatrixcurrentrow=\count316
\pgfmatrixcurrentcolumn=\count317
\pgf@matrix@numberofcolumns=\count318
)
\tikz@expandcount=\count319

(/usr/share/texlive/texmf-dist/tex/generic/pgf/frontendlayer/tikz/libraries/tik
zlibrarytopaths.code.tex
File: tikzlibrarytopaths.code.tex 2021/05/15 v3.1.9a (3.1.9a)
)))
(/usr/share/texlive/texmf-dist/tex/latex/colortbl/colortbl.sty
Package: colortbl 2020/01/04 v1.0e Color table columns (DPC)

(/usr/share/texlive/texmf-dist/tex/latex/tools/array.sty
Package: array 2021/10/04 v2.5f Tabular extension package (FMi)
\col@sep=\dimen286
\ar@mcellbox=\box68
\extrarowheight=\dimen287
\NC@list=\toks37
\extratabsurround=\skip62
\backup@length=\skip63
\ar@cellbox=\box69
)
\everycr=\toks38
\minrowclearance=\skip64
)
(/usr/share/texlive/texmf-dist/tex/latex/pgf-pie/pgf-pie.sty
Package: pgf-pie 2021/07/30 v0.6 Some LaTeX macros for pie chart by using PGF/T
ikz package.

(/usr/share/texlive/texmf-dist/tex/latex/pgf-pie/tikzlibrarypie.code.tex
(/usr/share/texlive/texmf-dist/tex/latex/carlisle/scalefnt.sty)
\pgfpie@angleEnd=\dimen288
\pgfpie@explodeLength=\count320
\pgfpie@colorLength=\count321
\pgfpie@sliceLength=\count322
))
(/usr/share/texlive/texmf-dist/tex/latex/algorithms/algorithm.sty
Package: algorithm 2009/08/24 v0.1 Document Style `algorithm' - floating enviro
nment

(/usr/share/texlive/texmf-dist/tex/latex/float/float.sty
Package: float 2001/11/08 v1.3d Float enhancements (AL)
\c@float@type=\count323
\float@exts=\toks39
\float@box=\box70
\@float@everytoks=\toks40
\@floatcapt=\box71
)
(/usr/share/texlive/texmf-dist/tex/latex/base/ifthen.sty
Package: ifthen 2020/11/24 v1.1c Standard LaTeX ifthen package (DPC)
)
\@float@every@algorithm=\toks41
\c@algorithm=\count324
)
(/usr/share/texlive/texmf-dist/tex/latex/algorithmicx/algpseudocode.sty
Package: algpseudocode 

(/usr/share/texlive/texmf-dist/tex/latex/algorithmicx/algorithmicx.sty
Package: algorithmicx 2005/04/27 v1.2 Algorithmicx

Document Style algorithmicx 1.2 - a greatly improved `algorithmic' style
\c@ALG@line=\count325
\c@ALG@rem=\count326
\c@ALG@nested=\count327
\ALG@tlm=\skip65
\ALG@thistlm=\skip66
\c@ALG@Lnr=\count328
\c@ALG@blocknr=\count329
\c@ALG@storecount=\count330
\c@ALG@tmpcounter=\count331
\ALG@tmplength=\skip67
)
Document Style - pseudocode environments for use with the `algorithmicx' style
) (/usr/share/texlive/texmf-dist/tex/latex/placeins/placeins.sty
Package: placeins 2005/04/18  v 2.2
)
(/usr/share/texlive/texmf-dist/tex/latex/svg/svg.sty
Package: svg 2020/11/26 v2.02k (include SVG pictures)

(/usr/share/texlive/texmf-dist/tex/latex/koma-script/scrbase.sty
Package: scrbase 2021/11/13 v3.35 KOMA-Script package (KOMA-Script-independent 
basics and keyval usage)

(/usr/share/texlive/texmf-dist/tex/latex/koma-script/scrlfile.sty
Package: scrlfile 2021/11/13 v3.35 KOMA-Script package (file load hooks)

(/usr/share/texlive/texmf-dist/tex/latex/koma-script/scrlfile-hook.sty
Package: scrlfile-hook 2021/11/13 v3.35 KOMA-Script package (using LaTeX hooks)


(/usr/share/texlive/texmf-dist/tex/latex/koma-script/scrlogo.sty
Package: scrlogo 2021/11/13 v3.35 KOMA-Script package (logo)
)))
Applying: [2021/05/01] Usage of raw or classic option list on input line 252.
Already applied: [0000/00/00] Usage of raw or classic option list on input line
 368.
)
(/usr/share/texlive/texmf-dist/tex/latex/trimspaces/trimspaces.sty
Package: trimspaces 2009/09/17 v1.1 Trim spaces around a token list
)
(/usr/share/texlive/texmf-dist/tex/latex/tools/shellesc.sty
Package: shellesc 2019/11/08 v1.0c unified shell escape interface for LaTeX
Package shellesc Info: Restricted shell escape enabled on input line 77.
)
\c@svg@param@lastpage=\count332
\svg@box=\box72
\c@svg@param@currpage=\count333
)
(/usr/share/texlive/texmf-dist/tex/latex/transparent/transparent.sty
Package: transparent 2019/11/29 v1.4 Transparency via pdfTeX's color stack (HO)

)
(/usr/share/texlive/texmf-dist/tex/latex/tools/tabularx.sty
Package: tabularx 2020/01/15 v2.11c `tabularx' package (DPC)
\TX@col@width=\dimen289
\TX@old@table=\dimen290
\TX@old@col=\dimen291
\TX@target=\dimen292
\TX@delta=\dimen293
\TX@cols=\count334
\TX@ftn=\toks42
)
Package hyperref Info: Option `colorlinks' set `true' on input line 29.

(/usr/share/texlive/texmf-dist/tex/latex/tocloft/tocloft.sty
Package: tocloft 2017/08/31 v2.3i parameterised ToC, etc., typesetting
Package tocloft Info: The document has section divisions on input line 51.
\cftparskip=\skip68
\cftbeforetoctitleskip=\skip69
\cftaftertoctitleskip=\skip70
\cftbeforepartskip=\skip71
\cftpartnumwidth=\skip72
\cftpartindent=\skip73
\cftbeforesecskip=\skip74
\cftsecindent=\skip75
\cftsecnumwidth=\skip76
\cftbeforesubsecskip=\skip77
\cftsubsecindent=\skip78
\cftsubsecnumwidth=\skip79
\cftbeforesubsubsecskip=\skip80
\cftsubsubsecindent=\skip81
\cftsubsubsecnumwidth=\skip82
\cftbeforeparaskip=\skip83
\cftparaindent=\skip84
\cftparanumwidth=\skip85
\cftbeforesubparaskip=\skip86
\cftsubparaindent=\skip87
\cftsubparanumwidth=\skip88
\cftbeforeloftitleskip=\skip89
\cftafterloftitleskip=\skip90
\cftbeforefigskip=\skip91
\cftfigindent=\skip92
\cftfignumwidth=\skip93
\cftbeforelottitleskip=\skip94
\cftafterlottitleskip=\skip95
\cftbeforetabskip=\skip96
\cfttabindent=\skip97
\cfttabnumwidth=\skip98
\cftbeforesubfigskip=\skip99
\cftsubfigindent=\skip100
\cftsubfignumwidth=\skip101
\cftbeforesubtabskip=\skip102
\cftsubtabindent=\skip103
\cftsubtabnumwidth=\skip104
)
(/usr/share/texlive/texmf-dist/tex/latex/l3backend/l3backend-pdftex.def
File: l3backend-pdftex.def 2022-01-12 L3 backend support: PDF output (pdfTeX)
\l__color_backend_stack_int=\count335
\l__pdf_internal_box=\box73
)
(./Report.aux)
\openout1 = `Report.aux'.

LaTeX Font Info:    Checking defaults for OML/cmm/m/it on input line 43.
LaTeX Font Info:    ... okay on input line 43.
LaTeX Font Info:    Checking defaults for OMS/cmsy/m/n on input line 43.
LaTeX Font Info:    ... okay on input line 43.
LaTeX Font Info:    Checking defaults for OT1/cmr/m/n on input line 43.
LaTeX Font Info:    ... okay on input line 43.
LaTeX Font Info:    Checking defaults for T1/cmr/m/n on input line 43.
LaTeX Font Info:    ... okay on input line 43.
LaTeX Font Info:    Checking defaults for TS1/cmr/m/n on input line 43.
LaTeX Font Info:    ... okay on input line 43.
LaTeX Font Info:    Checking defaults for OMX/cmex/m/n on input line 43.
LaTeX Font Info:    ... okay on input line 43.
LaTeX Font Info:    Checking defaults for U/cmr/m/n on input line 43.
LaTeX Font Info:    ... okay on input line 43.
LaTeX Font Info:    Checking defaults for PD1/pdf/m/n on input line 43.
LaTeX Font Info:    ... okay on input line 43.
LaTeX Font Info:    Checking defaults for PU/pdf/m/n on input line 43.
LaTeX Font Info:    ... okay on input line 43.

(/usr/share/texlive/texmf-dist/tex/context/base/mkii/supp-pdf.mkii
[Loading MPS to PDF converter (version 2006.09.02).]
\scratchcounter=\count336
\scratchdimen=\dimen294
\scratchbox=\box74
\nofMPsegments=\count337
\nofMParguments=\count338
\everyMPshowfont=\toks43
\MPscratchCnt=\count339
\MPscratchDim=\dimen295
\MPnumerator=\count340
\makeMPintoPDFobject=\count341
\everyMPtoPDFconversion=\toks44
) (/usr/share/texlive/texmf-dist/tex/latex/epstopdf-pkg/epstopdf-base.sty
Package: epstopdf-base 2020-01-24 v2.11 Base part for package epstopdf

(/usr/share/texlive/texmf-dist/tex/latex/grfext/grfext.sty
Package: grfext 2019/12/03 v1.3 Manage graphics extensions (HO)
)
Package epstopdf-base Info: Redefining graphics rule for `.eps' on input line 4
85.
Package grfext Info: Graphics extension search list:
(grfext)             [.pdf,.png,.jpg,.mps,.jpeg,.jbig2,.jb2,.PDF,.PNG,.JPG,.JPE
G,.JBIG2,.JB2,.eps]
(grfext)             \AppendGraphicsExtensions on input line 504.

(/usr/share/texlive/texmf-dist/tex/latex/latexconfig/epstopdf-sys.cfg
File: epstopdf-sys.cfg 2010/07/13 v1.3 Configuration of (r)epstopdf for TeX Liv
e
))
Package caption Info: Begin \AtBeginDocument code.
Package caption Info: subfig package v1.3 is loaded.
Package caption Info: float package is loaded.
Package caption Info: hyperref package is loaded.
Package caption Info: End \AtBeginDocument code.
Package hyperref Info: Link coloring ON on input line 43.

(/usr/share/texlive/texmf-dist/tex/latex/hyperref/nameref.sty
Package: nameref 2021-04-02 v2.47 Cross-referencing by name of section

(/usr/share/texlive/texmf-dist/tex/latex/refcount/refcount.sty
Package: refcount 2019/12/15 v3.6 Data extraction from label references (HO)
)
(/usr/share/texlive/texmf-dist/tex/generic/gettitlestring/gettitlestring.sty
Package: gettitlestring 2019/12/15 v1.6 Cleanup title references (HO)
)
\c@section@level=\count342
)
LaTeX Info: Redefining \ref on input line 43.
LaTeX Info: Redefining \pageref on input line 43.
LaTeX Info: Redefining \nameref on input line 43.

(./Report.out) (./Report.out)
\@outlinefile=\write4
\openout4 = `Report.out'.



LaTeX Warning: No \author given.

<./images//image.png, id=91, 450.68375pt x 361.35pt>
File: ./images//image.png Graphic file (type png)
<use ./images//image.png>
Package pdftex.def Info: ./images//image.png  used on input line 61.
(pdftex.def)             Requested size: 142.26378pt x 114.06294pt.
[1

{/var/lib/texmf/fonts/map/pdftex/updmap/pdftex.map} <./images//image.png>]
(./Report.toc)
\tf@toc=\write5
\openout5 = `Report.toc'.

 [2]
Overfull \hbox (3.97192pt too wide) in paragraph at lines 80--84
[][]\T1/cmr/m/n/12 Near-Earth Objects[][] (NEO) dataset contiene una serie di i
nformazioni, raccolte
 []


Underfull \hbox (badness 10000) in paragraph at lines 80--84

 []


Overfull \hbox (6.88058pt too wide) in paragraph at lines 85--86
[]\T1/cmr/bx/n/12 Comete\T1/cmr/m/n/12 : corpo celeste relativamente piccolo, c
omposto da gas ghiacciati
 []


Overfull \hbox (2.35422pt too wide) in paragraph at lines 91--92
\T1/cmr/m/n/12 attorno alla terra possono provocare danni, questo perchè è orma
i ampiamente
 []


Overfull \hbox (1.63622pt too wide) in paragraph at lines 96--99
\T1/cmr/m/n/12 sensitive (meta) sul dataset originale, il dataset su coi è appl
icato il resampling
 []

[3]
Overfull \hbox (8.2361pt too wide) in paragraph at lines 102--103
\T1/cmr/m/n/12 Per raggiungere uno scopo si è utilizzato CRISP-DM (CRoss Indust
ry Standard
 []

<./images//CRISP-DM.png, id=138, 1003.75pt x 821.0675pt>
File: ./images//CRISP-DM.png Graphic file (type png)
<use ./images//CRISP-DM.png>
Package pdftex.def Info: ./images//CRISP-DM.png  used on input line 106.
(pdftex.def)             Requested size: 301.12732pt x 246.32214pt.

Overfull \hbox (0.86005pt too wide) in paragraph at lines 112--113
\T1/cmr/m/n/12 applicativo e gli obiettivi da raggiungere, andando a produrre u
n project
 []


Overfull \hbox (37.1149pt too wide) in paragraph at lines 113--114
[]\T1/cmr/bx/n/12 Data understanding\T1/cmr/m/n/12 , fase nella quale si identi
ficano metodi per l'acquisizione
 []


Overfull \hbox (1.0739pt too wide) in paragraph at lines 114--115
[]\T1/cmr/bx/n/12 Data preparation\T1/cmr/m/n/12 , preparazione del dataset(s) 
andando a determinare
 []

[4 <./images//CRISP-DM.png>]
Overfull \hbox (4.27301pt too wide) in paragraph at lines 117--118
[]\T1/cmr/bx/n/12 Deployment\T1/cmr/m/n/12 , fase finale di messa in produzione
 del modello selezionato. 
 []


Overfull \hbox (8.84407pt too wide) in paragraph at lines 127--128
\T1/cmr/m/n/12 apprendimento Automatico, scritto in Java e sviluppato presso Un
iversity
 []

[5]
Overfull \hbox (4.66609pt too wide) in paragraph at lines 142--143
[]\T1/cmr/m/it/12 miss_distance \T1/cmr/m/n/12 [numeric]: Distanza minima tra i
l NEO e la Terra durante
 []


Overfull \hbox (1.0876pt too wide) in paragraph at lines 145--146
[]\T1/cmr/m/it/12 absolute_magnitude \T1/cmr/m/n/12 [numeric]: descrizione dell
a luminosità dell'oggetto
 []


Overfull \hbox (24.83478pt too wide) in paragraph at lines 163--164
\T1/cmr/m/n/12 Lo scalido piò arduo da affrontare riguarda sicuramente la natur
a delle osservazioni
 []

<./images//imbcalss.png, id=158, 294.8616pt x 281.1303pt>
File: ./images//imbcalss.png Graphic file (type png)
<use ./images//imbcalss.png>
Package pdftex.def Info: ./images//imbcalss.png  used on input line 168.
(pdftex.def)             Requested size: 215.24716pt x 205.2234pt.
[6]
Overfull \hbox (36.55127pt too wide) in paragraph at lines 177--178
\T1/cmr/m/n/12 sottoinsieme, questo si applicherebbe alla classe più numerosa, 
mentre l'oversampling
 []


Overfull \hbox (18.01695pt too wide) in paragraph at lines 177--178
\T1/cmr/m/n/12 sposta il focus sulla classe con meno occorrenze andando a crear
e ^^Psinteticamente^^Q
 []


Underfull \hbox (badness 10000) in paragraph at lines 180--182

 []


Underfull \hbox (badness 10000) in paragraph at lines 183--186

 []

[7 <./images//imbcalss.png>]
Package hyperref Info: bookmark level for unknown algorithm defaults to 0 on in
put line 188.
<./images//imb_graph.png, id=184, 425.6703pt x 312.2064pt>
File: ./images//imb_graph.png Graphic file (type png)
<use ./images//imb_graph.png>
Package pdftex.def Info: ./images//imb_graph.png  used on input line 206.
(pdftex.def)             Requested size: 212.83463pt x 156.10281pt.
<./images//smoteenn_graph.png, id=185, 425.6703pt x 312.2064pt>
File: ./images//smoteenn_graph.png Graphic file (type png)
<use ./images//smoteenn_graph.png>
Package pdftex.def Info: ./images//smoteenn_graph.png  used on input line 209.
(pdftex.def)             Requested size: 212.83463pt x 156.10281pt.

Overfull \hbox (35.66925pt too wide) in paragraph at lines 206--210
 [][][][][][] 
 []


Overfull \hbox (26.69673pt too wide) in paragraph at lines 212--214
\T1/cmr/m/n/12 sinteticamente dei nuovi dati per la classe minoritaria consider
ando la distribuzione
 []

File: ./images//imb_graph.png Graphic file (type png)
<use ./images//imb_graph.png>
Package pdftex.def Info: ./images//imb_graph.png  used on input line 240.
(pdftex.def)             Requested size: 212.83463pt x 156.10281pt.
<./images//adasyn_graph.png, id=186, 425.6703pt x 312.2064pt>
File: ./images//adasyn_graph.png Graphic file (type png)
<use ./images//adasyn_graph.png>
Package pdftex.def Info: ./images//adasyn_graph.png  used on input line 243.
(pdftex.def)             Requested size: 212.83463pt x 156.10281pt.

Overfull \hbox (35.66925pt too wide) in paragraph at lines 240--244
 [][][][][][] 
 []


Overfull \hbox (14.23174pt too wide) in paragraph at lines 247--248
\T1/cmr/m/n/12 considerare una classificazione binaria, ad ogni tipo di predizi
one viene asseganto
 []


Underfull \hbox (badness 10000) in paragraph at lines 247--248

 []

[8] [9] [10pdfTeX warning (ext4): destination with the same identifier (name{su
bfigure.1.1}) has been already used, duplicate ignored
<argument> ...shipout:D \box_use:N \l_shipout_box 
                                                  \__shipout_drop_firstpage_...
l.265 	
       pdfTeX warning (ext4): destination with the same identifier (name{subfig
ure.1.2}) has been already used, duplicate ignored
<argument> ...shipout:D \box_use:N \l_shipout_box 
                                                  \__shipout_drop_firstpage_...
l.265 	
        <./images//imb_graph.png> <./images//smoteenn_graph.png> <./images//ada
syn_graph.png>]
Overfull \hbox (5.4353pt too wide) in paragraph at lines 267--269
\T1/cmr/m/n/12 Il \T1/cmr/m/it/12 threshold factor \T1/cmr/m/n/12 è un valore c
he consente la classificazione di una osservazione
 []


Overfull \hbox (17.95186pt too wide) in paragraph at lines 281--282
\T1/cmr/m/n/12 Tenendo conto di tutte le considerazioni fatte, la parte inerent
e all'addestramento
 []



pdfTeX warning: pdflatex (file ./images//metodology_graph.pdf): PDF inclusion: 
found PDF version <1.7>, but at most version <1.5> allowed
<./images//metodology_graph.pdf, id=216, 2232.08907pt x 1237.82225pt>
File: ./images//metodology_graph.pdf Graphic file (type pdf)
<use ./images//metodology_graph.pdf>
Package pdftex.def Info: ./images//metodology_graph.pdf  used on input line 286
.
(pdftex.def)             Requested size: 426.79134pt x 236.68079pt.

Overfull \hbox (36.79134pt too wide) in paragraph at lines 286--287
 [][] 
 []


LaTeX Warning: `!h' float specifier changed to `!ht'.


Overfull \hbox (48.61917pt too wide) in paragraph at lines 294--295
[]\T1/cmr/m/n/12 Naive Bayes, in particolare la variante Complement Naive Bayes
 (particolarmente
 []


Overfull \hbox (2.04216pt too wide) in paragraph at lines 298--300
\T1/cmr/m/n/12 training $\OML/cmm/m/it/12 S$ \T1/cmr/m/n/12 e l'iniseme delle c
lassi $\OML/cmm/m/it/12 C \OT1/cmr/m/n/12 = \OMS/cmsy/m/n/12 f\OML/cmm/m/it/12 
c[]; c[]; [] ; c[]\OMS/cmsy/m/n/12 g$\T1/cmr/m/n/12 , ad ogni nodo dell'albero,

 []

[11]
LaTeX Font Info:    Trying to load font information for T1+cmtt on input line 3
06.
 (/usr/share/texlive/texmf-dist/tex/latex/base/t1cmtt.fd
File: t1cmtt.fd 2019/12/16 v2.5j Standard LaTeX font definitions
)
Overfull \hbox (21.05223pt too wide) in paragraph at lines 306--307
[]\T1/cmtt/m/n/12 DecisionTreeClassifier().fit(X_train, y_train)\T1/cmr/m/n/12 
, classificatore cost-
 []


Overfull \hbox (9.78424pt too wide) in paragraph at lines 307--308
[]\T1/cmtt/m/n/12 DecisionTreeClassifier(class_weight="balanced").fit(X_train,
 []


Overfull \hbox (3.52032pt too wide) in paragraph at lines 307--308
\T1/cmtt/m/n/12 y_train)\T1/cmr/m/n/12 , classificatore cost-sensitive addesstr
ato su il dataset originale,
 []

[12 <./images//metodology_graph.pdf>]
Overfull \hbox (6.66425pt too wide) in paragraph at lines 311--311
[]\T1/cmr/m/n/12 N.B. L'attributo \T1/cmtt/m/n/12 class_weight \T1/cmr/m/n/12 è
 stato impostato a \T1/cmtt/m/n/12 "balanced" \T1/cmr/m/n/12 per andare
 []


Overfull \hbox (3.39418pt too wide) in paragraph at lines 329--332
\T1/cmr/m/n/12 Nel nostro caso abbiamo allenato il modello con i tre dataset, d
ataset originale,
 []


Overfull \hbox (2.48053pt too wide) in paragraph at lines 329--332
\T1/cmr/m/n/12 il dataset ribilanciato con SMOTEENN e il dataset ribilanciato c
on ADASYN. 
 []


Overfull \hbox (14.94606pt too wide) in paragraph at lines 334--335
\T1/cmr/m/n/12 sottoinsiemi (folds), $\OML/cmm/m/it/12 D[]; D[]; [] ; D[]$\T1/c
mr/m/n/12 , prevede $\OML/cmm/m/it/12 k$ \T1/cmr/m/n/12 iterazioni ed all'$\OML
/cmm/m/it/12 i$\T1/cmr/m/n/12 -esima iterazione
 []

[13]
Overfull \hbox (2.7499pt too wide) in paragraph at lines 341--342
[]\T1/cmr/m/n/12 ma nel nostro caso, avendo un dataset fortemente sbilanciato, 
non bastano,
 []


Overfull \hbox (31.0762pt too wide) in paragraph at lines 347--349
\T1/cmr/m/n/12 correttamente gli esempi positivi rispetto a quelli negativi, in
dipendentemente
 []


Overfull \hbox (7.1141pt too wide) in paragraph at lines 353--355
\T1/cmr/m/n/12 In questa sezione verranno riportati tutte le metriche discusse 
per ogni modello,
 []


LaTeX Font Warning: Command \footnotesize invalid in math mode on input line 35
9.


LaTeX Font Warning: Command \footnotesize invalid in math mode on input line 35
9.


LaTeX Font Warning: Command \footnotesize invalid in math mode on input line 36
2.


LaTeX Font Warning: Command \footnotesize invalid in math mode on input line 36
3.


Underfull \hbox (badness 10000) in paragraph at lines 385--385
[]|\T1/cmr/m/n/10 F-measure
 []


Underfull \hbox (badness 10000) in paragraph at lines 395--395
[]|\T1/cmr/m/n/10 F-measure
 []


Underfull \hbox (badness 10000) in paragraph at lines 404--404
[]|\T1/cmr/m/n/10 F-measure
 []

[14]
<./images//DecTree.png, id=335, 395.3169pt x 314.3745pt>
File: ./images//DecTree.png Graphic file (type png)
<use ./images//DecTree.png>
Package pdftex.def Info: ./images//DecTree.png  used on input line 411.
(pdftex.def)             Requested size: 288.57892pt x 229.49147pt.

Overfull \hbox (17.88643pt too wide) in paragraph at lines 417--420
\T1/cmr/m/n/12 dataset originale sono abbastanze basse, sui 0.69, mentre con i 
dataset ribilanciati
 []


Overfull \hbox (27.74095pt too wide) in paragraph at lines 417--420
\T1/cmr/m/n/12 sono molto più alte, quindi possimao riscontrare più o meno lo s
tesso miglioramento
 []


Underfull \hbox (badness 10000) in paragraph at lines 417--420

 []


Underfull \hbox (badness 10000) in paragraph at lines 417--420

 []


Underfull \hbox (badness 10000) in paragraph at lines 417--420

 []


Underfull \hbox (badness 10000) in paragraph at lines 433--433
[]|\T1/cmr/m/n/10 F-measure
 []


Underfull \hbox (badness 10000) in paragraph at lines 443--443
[]|\T1/cmr/m/n/10 F-measure
 []


Underfull \hbox (badness 10000) in paragraph at lines 452--452
[]|\T1/cmr/m/n/10 F-measure
 []

[15 <./images//DecTree.png>]
<./images//DecTreeCostSens.png, id=344, 395.3169pt x 314.3745pt>
File: ./images//DecTreeCostSens.png Graphic file (type png)
<use ./images//DecTreeCostSens.png>
Package pdftex.def Info: ./images//DecTreeCostSens.png  used on input line 458.

(pdftex.def)             Requested size: 288.57892pt x 229.49147pt.

Overfull \hbox (48.49431pt too wide) in paragraph at lines 462--463
[]\T1/cmr/m/n/12 Anche per il Cost-sensitive learning con la matrice di costo d
efinita precedentemente
 []


Overfull \hbox (4.24683pt too wide) in paragraph at lines 465--467
\T1/cmr/m/n/12 estremamente importante che può influenzare, positivamente o neg
ativamente,
 []


Underfull \hbox (badness 10000) in paragraph at lines 483--483
[]|\T1/cmr/m/n/10 F-measure
 []


Underfull \hbox (badness 10000) in paragraph at lines 493--493
[]|\T1/cmr/m/n/10 F-measure
 []


Underfull \hbox (badness 10000) in paragraph at lines 502--502
[]|\T1/cmr/m/n/10 F-measure
 []

[16 <./images//DecTreeCostSens.png>]
<./images//Bayes.png, id=354, 395.3169pt x 314.3745pt>
File: ./images//Bayes.png Graphic file (type png)
<use ./images//Bayes.png>
Package pdftex.def Info: ./images//Bayes.png  used on input line 508.
(pdftex.def)             Requested size: 288.57892pt x 229.49147pt.

Overfull \hbox (3.44565pt too wide) in paragraph at lines 512--515
\T1/cmr/m/n/12 addestrato sull dataset al quale è applicato lo SMOTEENN è risul
tato migliore
 []


Overfull \hbox (9.66348pt too wide) in paragraph at lines 512--515
\T1/cmr/m/n/12 ma leggermente al di sotto dei risultati ottenuti con il modello
 basato sull''albero
 []


Underfull \hbox (badness 10000) in paragraph at lines 512--515

 []


Underfull \hbox (badness 10000) in paragraph at lines 512--515

 []


Underfull \hbox (badness 10000) in paragraph at lines 512--515

 []


Underfull \hbox (badness 10000) in paragraph at lines 527--527
[]|\T1/cmr/m/n/10 F-measure
 []


Underfull \hbox (badness 10000) in paragraph at lines 537--537
[]|\T1/cmr/m/n/10 F-measure
 []


Underfull \hbox (badness 10000) in paragraph at lines 546--546
[]|\T1/cmr/m/n/10 F-measure
 []

<./images//BayesCostSens.png, id=355, 395.3169pt x 314.3745pt>
File: ./images//BayesCostSens.png Graphic file (type png)
<use ./images//BayesCostSens.png>
Package pdftex.def Info: ./images//BayesCostSens.png  used on input line 552.
(pdftex.def)             Requested size: 288.57892pt x 229.49147pt.
[17 <./images//Bayes.png>]
Overfull \hbox (2.90245pt too wide) in paragraph at lines 556--557
[]\T1/cmr/m/n/12 In questo caso applicando il cost sensitive learning al Naive 
Bayes possiamo
 []

[18 <./images//BayesCostSens.png>] (./Report.aux)
Package rerunfilecheck Info: File `Report.out' has not changed.
(rerunfilecheck)             Checksum: EDCBE788F93452033050CC5FE1F2CB9D;3320.
 ) 
Here is how much of TeX's memory you used:
 25223 strings out of 480171
 472989 string characters out of 5894490
 772552 words of memory out of 5000000
 42633 multiletter control sequences out of 15000+600000
 484833 words of font info for 61 fonts, out of 8000000 for 9000
 59 hyphenation exceptions out of 8191
 94i,12n,92p,648b,440s stack positions out of 5000i,500n,10000p,200000b,80000s
 </home/giuto/.texlive2021/texmf-var/fonts/pk/ljfour/jknappen/ec/ectt1200.600
pk> </home/giuto/.texlive2021/texmf-var/fonts/pk/ljfour/jknappen/ec/ecrm1000.60
0pk> </home/giuto/.texlive2021/texmf-var/fonts/pk/ljfour/jknappen/ec/ecti1200.6
00pk> </home/giuto/.texlive2021/texmf-var/fonts/pk/ljfour/jknappen/ec/tcrm1200.
600pk> </home/giuto/.texlive2021/texmf-var/fonts/pk/ljfour/jknappen/ec/ecbx1440
.600pk> </home/giuto/.texlive2021/texmf-var/fonts/pk/ljfour/jknappen/ec/ecbx120
0.600pk> </home/giuto/.texlive2021/texmf-var/fonts/pk/ljfour/jknappen/ec/ecrm12
00.600pk> </home/giuto/.texlive2021/texmf-var/fonts/pk/ljfour/jknappen/ec/ecbx1
728.600pk> </home/giuto/.texlive2021/texmf-var/fonts/pk/ljfour/jknappen/ec/ecbx
2488.600pk> </home/giuto/.texlive2021/texmf-var/fonts/pk/ljfour/jknappen/ec/ecr
m2074.600pk></usr/share/texlive/texmf-dist/fonts/type1/public/amsfonts/cm/cmex1
0.pfb></usr/share/texlive/texmf-dist/fonts/type1/public/amsfonts/cm/cmmi12.pfb>
</usr/share/texlive/texmf-dist/fonts/type1/public/amsfonts/cm/cmmi6.pfb></usr/s
hare/texlive/texmf-dist/fonts/type1/public/amsfonts/cm/cmmi8.pfb></usr/share/te
xlive/texmf-dist/fonts/type1/public/amsfonts/cm/cmr12.pfb></usr/share/texlive/t
exmf-dist/fonts/type1/public/amsfonts/cm/cmr8.pfb></usr/share/texlive/texmf-dis
t/fonts/type1/public/amsfonts/cm/cmsy10.pfb></usr/share/texlive/texmf-dist/font
s/type1/public/amsfonts/cm/cmsy8.pfb>
Output written on Report.pdf (18 pages, 1332161 bytes).
PDF statistics:
 812 PDF objects out of 1000 (max. 8388607)
 353 compressed objects within 4 object streams
 87 named destinations out of 1000 (max. 500000)
 236 words of extra memory for PDF output out of 10000 (max. 10000000)

